CRITICAL - 2022-01-22 00:25:32 --> Undefined property: CodeIgniter\View\View::$db
#0 S:\XAMPP\htdocs\wad_tute16\app\Views\upload_form.php(18): CodeIgniter\Debug\Exceptions->errorHandler(2, 'Undefined prope...', 'S:\\XAMPP\\htdocs...', 18)
#1 S:\XAMPP\htdocs\wad_tute16\system\View\View.php(210): include('S:\\XAMPP\\htdocs...')
#2 S:\XAMPP\htdocs\wad_tute16\system\View\View.php(213): CodeIgniter\View\View->CodeIgniter\View\{closure}()
#3 S:\XAMPP\htdocs\wad_tute16\system\Common.php(1089): CodeIgniter\View\View->render('upload_form', Array, true)
#4 S:\XAMPP\htdocs\wad_tute16\app\Controllers\Upload.php(13): view('upload_form', Array)
#5 S:\XAMPP\htdocs\wad_tute16\system\CodeIgniter.php(825): App\Controllers\Upload->index()
#6 S:\XAMPP\htdocs\wad_tute16\system\CodeIgniter.php(412): CodeIgniter\CodeIgniter->runController(Object(App\Controllers\Upload))
#7 S:\XAMPP\htdocs\wad_tute16\system\CodeIgniter.php(320): CodeIgniter\CodeIgniter->handleRequest(NULL, Object(Config\Cache), false)
#8 S:\XAMPP\htdocs\wad_tute16\public\index.php(37): CodeIgniter\CodeIgniter->run()
#9 S:\XAMPP\htdocs\wad_tute16\system\Commands\Server\rewrite.php(43): require_once('S:\\XAMPP\\htdocs...')
#10 {main}
ERROR - 2022-01-22 00:26:07 --> Table 'wad_tute16.image' doesn't exist
CRITICAL - 2022-01-22 00:26:07 --> SplFileInfo::getSize(): stat failed for 20220122/1642832767_be00a97f9a127d6a6871.jpg
#0 S:\XAMPP\htdocs\wad_tute16\system\Files\File.php(64): SplFileInfo->getSize()
#1 S:\XAMPP\htdocs\wad_tute16\system\Files\File.php(76): CodeIgniter\Files\File->getSize()
#2 S:\XAMPP\htdocs\wad_tute16\app\Views\upload_success.php(14): CodeIgniter\Files\File->getSizeByUnit('kb')
#3 S:\XAMPP\htdocs\wad_tute16\system\View\View.php(210): include('S:\\XAMPP\\htdocs...')
#4 S:\XAMPP\htdocs\wad_tute16\system\View\View.php(213): CodeIgniter\View\View->CodeIgniter\View\{closure}()
#5 S:\XAMPP\htdocs\wad_tute16\system\Common.php(1089): CodeIgniter\View\View->render('upload_success', Array, true)
#6 S:\XAMPP\htdocs\wad_tute16\app\Controllers\Upload.php(47): view('upload_success', Array)
#7 S:\XAMPP\htdocs\wad_tute16\system\CodeIgniter.php(825): App\Controllers\Upload->upload()
#8 S:\XAMPP\htdocs\wad_tute16\system\CodeIgniter.php(412): CodeIgniter\CodeIgniter->runController(Object(App\Controllers\Upload))
#9 S:\XAMPP\htdocs\wad_tute16\system\CodeIgniter.php(320): CodeIgniter\CodeIgniter->handleRequest(NULL, Object(Config\Cache), false)
#10 S:\XAMPP\htdocs\wad_tute16\public\index.php(37): CodeIgniter\CodeIgniter->run()
#11 S:\XAMPP\htdocs\wad_tute16\system\Commands\Server\rewrite.php(43): require_once('S:\\XAMPP\\htdocs...')
#12 {main}
ERROR - 2022-01-22 00:28:08 --> Table 'wad_tute16.image' doesn't exist
CRITICAL - 2022-01-22 00:28:08 --> SplFileInfo::getSize(): stat failed for 20220122/1642832888_5ff99dfa3cca2dd68f6a.jpg
#0 S:\XAMPP\htdocs\wad_tute16\system\Files\File.php(64): SplFileInfo->getSize()
#1 S:\XAMPP\htdocs\wad_tute16\system\Files\File.php(76): CodeIgniter\Files\File->getSize()
#2 S:\XAMPP\htdocs\wad_tute16\app\Views\upload_success.php(14): CodeIgniter\Files\File->getSizeByUnit('kb')
#3 S:\XAMPP\htdocs\wad_tute16\system\View\View.php(210): include('S:\\XAMPP\\htdocs...')
#4 S:\XAMPP\htdocs\wad_tute16\system\View\View.php(213): CodeIgniter\View\View->CodeIgniter\View\{closure}()
#5 S:\XAMPP\htdocs\wad_tute16\system\Common.php(1089): CodeIgniter\View\View->render('upload_success', Array, true)
#6 S:\XAMPP\htdocs\wad_tute16\app\Controllers\Upload.php(47): view('upload_success', Array)
#7 S:\XAMPP\htdocs\wad_tute16\system\CodeIgniter.php(825): App\Controllers\Upload->upload()
#8 S:\XAMPP\htdocs\wad_tute16\system\CodeIgniter.php(412): CodeIgniter\CodeIgniter->runController(Object(App\Controllers\Upload))
#9 S:\XAMPP\htdocs\wad_tute16\system\CodeIgniter.php(320): CodeIgniter\CodeIgniter->handleRequest(NULL, Object(Config\Cache), false)
#10 S:\XAMPP\htdocs\wad_tute16\public\index.php(37): CodeIgniter\CodeIgniter->run()
#11 S:\XAMPP\htdocs\wad_tute16\system\Commands\Server\rewrite.php(43): require_once('S:\\XAMPP\\htdocs...')
#12 {main}
ERROR - 2022-01-22 00:48:09 --> Error connecting to the database: Access denied for user '****'@'localhost' (using password: NO)
CRITICAL - 2022-01-22 00:48:09 --> Unable to connect to the database.
Main connection [MySQLi]: Access denied for user '****'@'localhost' (using password: NO)
#0 S:\XAMPP\htdocs\wad_tute16\system\Database\BaseConnection.php(577): CodeIgniter\Database\BaseConnection->initialize()
#1 S:\XAMPP\htdocs\wad_tute16\app\Controllers\ViewImages.php(12): CodeIgniter\Database\BaseConnection->query('select * from i...')
#2 S:\XAMPP\htdocs\wad_tute16\system\CodeIgniter.php(825): App\Controllers\ViewImages->index()
#3 S:\XAMPP\htdocs\wad_tute16\system\CodeIgniter.php(412): CodeIgniter\CodeIgniter->runController(Object(App\Controllers\ViewImages))
#4 S:\XAMPP\htdocs\wad_tute16\system\CodeIgniter.php(320): CodeIgniter\CodeIgniter->handleRequest(NULL, Object(Config\Cache), false)
#5 S:\XAMPP\htdocs\wad_tute16\public\index.php(37): CodeIgniter\CodeIgniter->run()
#6 S:\XAMPP\htdocs\wad_tute16\system\Commands\Server\rewrite.php(43): require_once('S:\\XAMPP\\htdocs...')
#7 {main}
ERROR - 2022-01-22 00:48:12 --> Error connecting to the database: Access denied for user '****'@'localhost' (using password: NO)
CRITICAL - 2022-01-22 00:48:12 --> Unable to connect to the database.
Main connection [MySQLi]: Access denied for user '****'@'localhost' (using password: NO)
#0 S:\XAMPP\htdocs\wad_tute16\system\Database\BaseConnection.php(577): CodeIgniter\Database\BaseConnection->initialize()
#1 S:\XAMPP\htdocs\wad_tute16\app\Controllers\ViewImages.php(12): CodeIgniter\Database\BaseConnection->query('select * from i...')
#2 S:\XAMPP\htdocs\wad_tute16\system\CodeIgniter.php(825): App\Controllers\ViewImages->index()
#3 S:\XAMPP\htdocs\wad_tute16\system\CodeIgniter.php(412): CodeIgniter\CodeIgniter->runController(Object(App\Controllers\ViewImages))
#4 S:\XAMPP\htdocs\wad_tute16\system\CodeIgniter.php(320): CodeIgniter\CodeIgniter->handleRequest(NULL, Object(Config\Cache), false)
#5 S:\XAMPP\htdocs\wad_tute16\public\index.php(37): CodeIgniter\CodeIgniter->run()
#6 S:\XAMPP\htdocs\wad_tute16\system\Commands\Server\rewrite.php(43): require_once('S:\\XAMPP\\htdocs...')
#7 {main}
ERROR - 2022-01-22 00:48:22 --> Error connecting to the database: Access denied for user '****'@'localhost' (using password: NO)
CRITICAL - 2022-01-22 00:48:22 --> Unable to connect to the database.
Main connection [MySQLi]: Access denied for user '****'@'localhost' (using password: NO)
#0 S:\XAMPP\htdocs\wad_tute16\system\Database\BaseConnection.php(577): CodeIgniter\Database\BaseConnection->initialize()
#1 S:\XAMPP\htdocs\wad_tute16\app\Controllers\ViewImages.php(12): CodeIgniter\Database\BaseConnection->query('select * from i...')
#2 S:\XAMPP\htdocs\wad_tute16\system\CodeIgniter.php(825): App\Controllers\ViewImages->index()
#3 S:\XAMPP\htdocs\wad_tute16\system\CodeIgniter.php(412): CodeIgniter\CodeIgniter->runController(Object(App\Controllers\ViewImages))
#4 S:\XAMPP\htdocs\wad_tute16\system\CodeIgniter.php(320): CodeIgniter\CodeIgniter->handleRequest(NULL, Object(Config\Cache), false)
#5 S:\XAMPP\htdocs\wad_tute16\public\index.php(37): CodeIgniter\CodeIgniter->run()
#6 S:\XAMPP\htdocs\wad_tute16\system\Commands\Server\rewrite.php(43): require_once('S:\\XAMPP\\htdocs...')
#7 {main}
CRITICAL - 2022-01-22 00:50:10 --> SplFileInfo::getSize(): stat failed for 20220122/1642834210_255fcc87c9e0860a4c7b.jpg
#0 S:\XAMPP\htdocs\wad_tute16\system\Files\File.php(64): SplFileInfo->getSize()
#1 S:\XAMPP\htdocs\wad_tute16\system\Files\File.php(76): CodeIgniter\Files\File->getSize()
#2 S:\XAMPP\htdocs\wad_tute16\app\Views\upload_success.php(14): CodeIgniter\Files\File->getSizeByUnit('kb')
#3 S:\XAMPP\htdocs\wad_tute16\system\View\View.php(210): include('S:\\XAMPP\\htdocs...')
#4 S:\XAMPP\htdocs\wad_tute16\system\View\View.php(213): CodeIgniter\View\View->CodeIgniter\View\{closure}()
#5 S:\XAMPP\htdocs\wad_tute16\system\Common.php(1089): CodeIgniter\View\View->render('upload_success', Array, true)
#6 S:\XAMPP\htdocs\wad_tute16\app\Controllers\Upload.php(47): view('upload_success', Array)
#7 S:\XAMPP\htdocs\wad_tute16\system\CodeIgniter.php(825): App\Controllers\Upload->upload()
#8 S:\XAMPP\htdocs\wad_tute16\system\CodeIgniter.php(412): CodeIgniter\CodeIgniter->runController(Object(App\Controllers\Upload))
#9 S:\XAMPP\htdocs\wad_tute16\system\CodeIgniter.php(320): CodeIgniter\CodeIgniter->handleRequest(NULL, Object(Config\Cache), false)
#10 S:\XAMPP\htdocs\wad_tute16\public\index.php(37): CodeIgniter\CodeIgniter->run()
#11 S:\XAMPP\htdocs\wad_tute16\system\Commands\Server\rewrite.php(43): require_once('S:\\XAMPP\\htdocs...')
#12 {main}
ERROR - 2022-01-22 00:50:56 --> Error connecting to the database: Access denied for user '****'@'localhost' (using password: NO)
CRITICAL - 2022-01-22 00:50:56 --> Unable to connect to the database.
Main connection [MySQLi]: Access denied for user '****'@'localhost' (using password: NO)
#0 S:\XAMPP\htdocs\wad_tute16\system\Database\BaseConnection.php(577): CodeIgniter\Database\BaseConnection->initialize()
#1 S:\XAMPP\htdocs\wad_tute16\app\Controllers\ViewImages.php(12): CodeIgniter\Database\BaseConnection->query('select * from i...')
#2 S:\XAMPP\htdocs\wad_tute16\system\CodeIgniter.php(825): App\Controllers\ViewImages->index()
#3 S:\XAMPP\htdocs\wad_tute16\system\CodeIgniter.php(412): CodeIgniter\CodeIgniter->runController(Object(App\Controllers\ViewImages))
#4 S:\XAMPP\htdocs\wad_tute16\system\CodeIgniter.php(320): CodeIgniter\CodeIgniter->handleRequest(NULL, Object(Config\Cache), false)
#5 S:\XAMPP\htdocs\wad_tute16\public\index.php(37): CodeIgniter\CodeIgniter->run()
#6 S:\XAMPP\htdocs\wad_tute16\system\Commands\Server\rewrite.php(43): require_once('S:\\XAMPP\\htdocs...')
#7 {main}
ERROR - 2022-01-22 00:58:21 --> Error connecting to the database: Access denied for user '****'@'localhost' (using password: NO)
CRITICAL - 2022-01-22 00:58:21 --> Unable to connect to the database.
Main connection [MySQLi]: Access denied for user '****'@'localhost' (using password: NO)
#0 S:\XAMPP\htdocs\wad_tute16\system\Database\BaseConnection.php(577): CodeIgniter\Database\BaseConnection->initialize()
#1 S:\XAMPP\htdocs\wad_tute16\app\Controllers\ViewImages.php(12): CodeIgniter\Database\BaseConnection->query('select * from i...')
#2 S:\XAMPP\htdocs\wad_tute16\system\CodeIgniter.php(825): App\Controllers\ViewImages->index()
#3 S:\XAMPP\htdocs\wad_tute16\system\CodeIgniter.php(412): CodeIgniter\CodeIgniter->runController(Object(App\Controllers\ViewImages))
#4 S:\XAMPP\htdocs\wad_tute16\system\CodeIgniter.php(320): CodeIgniter\CodeIgniter->handleRequest(NULL, Object(Config\Cache), false)
#5 S:\XAMPP\htdocs\wad_tute16\public\index.php(37): CodeIgniter\CodeIgniter->run()
#6 S:\XAMPP\htdocs\wad_tute16\system\Commands\Server\rewrite.php(43): require_once('S:\\XAMPP\\htdocs...')
#7 {main}
CRITICAL - 2022-01-22 00:58:32 --> SplFileInfo::getSize(): stat failed for 20220122/1642834712_dbe15261542d3a317298.jpg
#0 S:\XAMPP\htdocs\wad_tute16\system\Files\File.php(64): SplFileInfo->getSize()
#1 S:\XAMPP\htdocs\wad_tute16\system\Files\File.php(76): CodeIgniter\Files\File->getSize()
#2 S:\XAMPP\htdocs\wad_tute16\app\Views\upload_success.php(14): CodeIgniter\Files\File->getSizeByUnit('kb')
#3 S:\XAMPP\htdocs\wad_tute16\system\View\View.php(210): include('S:\\XAMPP\\htdocs...')
#4 S:\XAMPP\htdocs\wad_tute16\system\View\View.php(213): CodeIgniter\View\View->CodeIgniter\View\{closure}()
#5 S:\XAMPP\htdocs\wad_tute16\system\Common.php(1089): CodeIgniter\View\View->render('upload_success', Array, true)
#6 S:\XAMPP\htdocs\wad_tute16\app\Controllers\Upload.php(47): view('upload_success', Array)
#7 S:\XAMPP\htdocs\wad_tute16\system\CodeIgniter.php(825): App\Controllers\Upload->upload()
#8 S:\XAMPP\htdocs\wad_tute16\system\CodeIgniter.php(412): CodeIgniter\CodeIgniter->runController(Object(App\Controllers\Upload))
#9 S:\XAMPP\htdocs\wad_tute16\system\CodeIgniter.php(320): CodeIgniter\CodeIgniter->handleRequest(NULL, Object(Config\Cache), false)
#10 S:\XAMPP\htdocs\wad_tute16\public\index.php(37): CodeIgniter\CodeIgniter->run()
#11 S:\XAMPP\htdocs\wad_tute16\system\Commands\Server\rewrite.php(43): require_once('S:\\XAMPP\\htdocs...')
#12 {main}
CRITICAL - 2022-01-22 01:00:40 --> SplFileInfo::getSize(): stat failed for 20220122/1642834840_3748171b44db20254ce4.jpg
#0 S:\XAMPP\htdocs\wad_tute16\system\Files\File.php(64): SplFileInfo->getSize()
#1 S:\XAMPP\htdocs\wad_tute16\system\Files\File.php(76): CodeIgniter\Files\File->getSize()
#2 S:\XAMPP\htdocs\wad_tute16\app\Views\upload_success.php(14): CodeIgniter\Files\File->getSizeByUnit('kb')
#3 S:\XAMPP\htdocs\wad_tute16\system\View\View.php(210): include('S:\\XAMPP\\htdocs...')
#4 S:\XAMPP\htdocs\wad_tute16\system\View\View.php(213): CodeIgniter\View\View->CodeIgniter\View\{closure}()
#5 S:\XAMPP\htdocs\wad_tute16\system\Common.php(1089): CodeIgniter\View\View->render('upload_success', Array, true)
#6 S:\XAMPP\htdocs\wad_tute16\app\Controllers\Upload.php(47): view('upload_success', Array)
#7 S:\XAMPP\htdocs\wad_tute16\system\CodeIgniter.php(825): App\Controllers\Upload->upload()
#8 S:\XAMPP\htdocs\wad_tute16\system\CodeIgniter.php(412): CodeIgniter\CodeIgniter->runController(Object(App\Controllers\Upload))
#9 S:\XAMPP\htdocs\wad_tute16\system\CodeIgniter.php(320): CodeIgniter\CodeIgniter->handleRequest(NULL, Object(Config\Cache), false)
#10 S:\XAMPP\htdocs\wad_tute16\public\index.php(37): CodeIgniter\CodeIgniter->run()
#11 S:\XAMPP\htdocs\wad_tute16\system\Commands\Server\rewrite.php(43): require_once('S:\\XAMPP\\htdocs...')
#12 {main}
ERROR - 2022-01-22 01:00:52 --> Error connecting to the database: Access denied for user '****'@'localhost' (using password: NO)
CRITICAL - 2022-01-22 01:00:52 --> Unable to connect to the database.
Main connection [MySQLi]: Access denied for user '****'@'localhost' (using password: NO)
#0 S:\XAMPP\htdocs\wad_tute16\system\Database\BaseConnection.php(577): CodeIgniter\Database\BaseConnection->initialize()
#1 S:\XAMPP\htdocs\wad_tute16\app\Controllers\ViewImages.php(12): CodeIgniter\Database\BaseConnection->query('SELECT * FROM i...')
#2 S:\XAMPP\htdocs\wad_tute16\system\CodeIgniter.php(825): App\Controllers\ViewImages->index()
#3 S:\XAMPP\htdocs\wad_tute16\system\CodeIgniter.php(412): CodeIgniter\CodeIgniter->runController(Object(App\Controllers\ViewImages))
#4 S:\XAMPP\htdocs\wad_tute16\system\CodeIgniter.php(320): CodeIgniter\CodeIgniter->handleRequest(NULL, Object(Config\Cache), false)
#5 S:\XAMPP\htdocs\wad_tute16\public\index.php(37): CodeIgniter\CodeIgniter->run()
#6 S:\XAMPP\htdocs\wad_tute16\system\Commands\Server\rewrite.php(43): require_once('S:\\XAMPP\\htdocs...')
#7 {main}
CRITICAL - 2022-01-22 01:01:32 --> SplFileInfo::getSize(): stat failed for 20220122/1642834892_74cfd72299c98d75a014.jpg
#0 S:\XAMPP\htdocs\wad_tute16\system\Files\File.php(64): SplFileInfo->getSize()
#1 S:\XAMPP\htdocs\wad_tute16\system\Files\File.php(76): CodeIgniter\Files\File->getSize()
#2 S:\XAMPP\htdocs\wad_tute16\app\Views\upload_success.php(14): CodeIgniter\Files\File->getSizeByUnit('kb')
#3 S:\XAMPP\htdocs\wad_tute16\system\View\View.php(210): include('S:\\XAMPP\\htdocs...')
#4 S:\XAMPP\htdocs\wad_tute16\system\View\View.php(213): CodeIgniter\View\View->CodeIgniter\View\{closure}()
#5 S:\XAMPP\htdocs\wad_tute16\system\Common.php(1089): CodeIgniter\View\View->render('upload_success', Array, true)
#6 S:\XAMPP\htdocs\wad_tute16\app\Controllers\Upload.php(47): view('upload_success', Array)
#7 S:\XAMPP\htdocs\wad_tute16\system\CodeIgniter.php(825): App\Controllers\Upload->upload()
#8 S:\XAMPP\htdocs\wad_tute16\system\CodeIgniter.php(412): CodeIgniter\CodeIgniter->runController(Object(App\Controllers\Upload))
#9 S:\XAMPP\htdocs\wad_tute16\system\CodeIgniter.php(320): CodeIgniter\CodeIgniter->handleRequest(NULL, Object(Config\Cache), false)
#10 S:\XAMPP\htdocs\wad_tute16\public\index.php(37): CodeIgniter\CodeIgniter->run()
#11 S:\XAMPP\htdocs\wad_tute16\system\Commands\Server\rewrite.php(43): require_once('S:\\XAMPP\\htdocs...')
#12 {main}
CRITICAL - 2022-01-22 01:04:59 --> SplFileInfo::getSize(): stat failed for 20220122/1642835099_51656d42581e613c468f.jpg
#0 S:\XAMPP\htdocs\wad_tute16\system\Files\File.php(64): SplFileInfo->getSize()
#1 S:\XAMPP\htdocs\wad_tute16\system\Files\File.php(76): CodeIgniter\Files\File->getSize()
#2 S:\XAMPP\htdocs\wad_tute16\app\Views\upload_success.php(14): CodeIgniter\Files\File->getSizeByUnit('kb')
#3 S:\XAMPP\htdocs\wad_tute16\system\View\View.php(210): include('S:\\XAMPP\\htdocs...')
#4 S:\XAMPP\htdocs\wad_tute16\system\View\View.php(213): CodeIgniter\View\View->CodeIgniter\View\{closure}()
#5 S:\XAMPP\htdocs\wad_tute16\system\Common.php(1089): CodeIgniter\View\View->render('upload_success', Array, true)
#6 S:\XAMPP\htdocs\wad_tute16\app\Controllers\Upload.php(47): view('upload_success', Array)
#7 S:\XAMPP\htdocs\wad_tute16\system\CodeIgniter.php(825): App\Controllers\Upload->upload()
#8 S:\XAMPP\htdocs\wad_tute16\system\CodeIgniter.php(412): CodeIgniter\CodeIgniter->runController(Object(App\Controllers\Upload))
#9 S:\XAMPP\htdocs\wad_tute16\system\CodeIgniter.php(320): CodeIgniter\CodeIgniter->handleRequest(NULL, Object(Config\Cache), false)
#10 S:\XAMPP\htdocs\wad_tute16\public\index.php(37): CodeIgniter\CodeIgniter->run()
#11 S:\XAMPP\htdocs\wad_tute16\system\Commands\Server\rewrite.php(43): require_once('S:\\XAMPP\\htdocs...')
#12 {main}
CRITICAL - 2022-01-22 01:07:18 --> Maximum execution time of 60 seconds exceeded
#0 [internal function]: CodeIgniter\Debug\Exceptions->shutdownHandler()
#1 {main}
CRITICAL - 2022-01-22 01:12:20 --> Maximum execution time of 60 seconds exceeded
#0 [internal function]: CodeIgniter\Debug\Exceptions->shutdownHandler()
#1 {main}
ERROR - 2022-01-22 01:14:36 --> Table 'wad_tute16.image' doesn't exist
CRITICAL - 2022-01-22 01:14:36 --> SplFileInfo::getSize(): stat failed for 20220122/1642835676_25fc6c480967fe3640af.jpg
#0 S:\XAMPP\htdocs\wad_tute16\system\Files\File.php(64): SplFileInfo->getSize()
#1 S:\XAMPP\htdocs\wad_tute16\system\Files\File.php(76): CodeIgniter\Files\File->getSize()
#2 S:\XAMPP\htdocs\wad_tute16\app\Views\upload_success.php(14): CodeIgniter\Files\File->getSizeByUnit('kb')
#3 S:\XAMPP\htdocs\wad_tute16\system\View\View.php(210): include('S:\\XAMPP\\htdocs...')
#4 S:\XAMPP\htdocs\wad_tute16\system\View\View.php(213): CodeIgniter\View\View->CodeIgniter\View\{closure}()
#5 S:\XAMPP\htdocs\wad_tute16\system\Common.php(1089): CodeIgniter\View\View->render('upload_success', Array, true)
#6 S:\XAMPP\htdocs\wad_tute16\app\Controllers\Upload.php(47): view('upload_success', Array)
#7 S:\XAMPP\htdocs\wad_tute16\system\CodeIgniter.php(825): App\Controllers\Upload->upload()
#8 S:\XAMPP\htdocs\wad_tute16\system\CodeIgniter.php(412): CodeIgniter\CodeIgniter->runController(Object(App\Controllers\Upload))
#9 S:\XAMPP\htdocs\wad_tute16\system\CodeIgniter.php(320): CodeIgniter\CodeIgniter->handleRequest(NULL, Object(Config\Cache), false)
#10 S:\XAMPP\htdocs\wad_tute16\public\index.php(37): CodeIgniter\CodeIgniter->run()
#11 S:\XAMPP\htdocs\wad_tute16\system\Commands\Server\rewrite.php(43): require_once('S:\\XAMPP\\htdocs...')
#12 {main}
CRITICAL - 2022-01-22 01:16:16 --> Undefined variable $data
#0 S:\XAMPP\htdocs\wad_tute16\app\Controllers\Upload.php(54): CodeIgniter\Debug\Exceptions->errorHandler(2, 'Undefined varia...', 'S:\\XAMPP\\htdocs...', 54)
#1 S:\XAMPP\htdocs\wad_tute16\system\CodeIgniter.php(825): App\Controllers\Upload->upload()
#2 S:\XAMPP\htdocs\wad_tute16\system\CodeIgniter.php(412): CodeIgniter\CodeIgniter->runController(Object(App\Controllers\Upload))
#3 S:\XAMPP\htdocs\wad_tute16\system\CodeIgniter.php(320): CodeIgniter\CodeIgniter->handleRequest(NULL, Object(Config\Cache), false)
#4 S:\XAMPP\htdocs\wad_tute16\public\index.php(37): CodeIgniter\CodeIgniter->run()
#5 S:\XAMPP\htdocs\wad_tute16\system\Commands\Server\rewrite.php(43): require_once('S:\\XAMPP\\htdocs...')
#6 {main}
ERROR - 2022-01-22 01:16:58 --> Table 'wad_tute16.image' doesn't exist
CRITICAL - 2022-01-22 01:16:58 --> SplFileInfo::getSize(): stat failed for 20220122/1642835818_d9149476e8714b012272.jpg
#0 S:\XAMPP\htdocs\wad_tute16\system\Files\File.php(64): SplFileInfo->getSize()
#1 S:\XAMPP\htdocs\wad_tute16\system\Files\File.php(76): CodeIgniter\Files\File->getSize()
#2 S:\XAMPP\htdocs\wad_tute16\app\Views\upload_success.php(14): CodeIgniter\Files\File->getSizeByUnit('kb')
#3 S:\XAMPP\htdocs\wad_tute16\system\View\View.php(210): include('S:\\XAMPP\\htdocs...')
#4 S:\XAMPP\htdocs\wad_tute16\system\View\View.php(213): CodeIgniter\View\View->CodeIgniter\View\{closure}()
#5 S:\XAMPP\htdocs\wad_tute16\system\Common.php(1089): CodeIgniter\View\View->render('upload_success', Array, true)
#6 S:\XAMPP\htdocs\wad_tute16\app\Controllers\Upload.php(47): view('upload_success', Array)
#7 S:\XAMPP\htdocs\wad_tute16\system\CodeIgniter.php(825): App\Controllers\Upload->upload()
#8 S:\XAMPP\htdocs\wad_tute16\system\CodeIgniter.php(412): CodeIgniter\CodeIgniter->runController(Object(App\Controllers\Upload))
#9 S:\XAMPP\htdocs\wad_tute16\system\CodeIgniter.php(320): CodeIgniter\CodeIgniter->handleRequest(NULL, Object(Config\Cache), false)
#10 S:\XAMPP\htdocs\wad_tute16\public\index.php(37): CodeIgniter\CodeIgniter->run()
#11 S:\XAMPP\htdocs\wad_tute16\system\Commands\Server\rewrite.php(43): require_once('S:\\XAMPP\\htdocs...')
#12 {main}
ERROR - 2022-01-22 01:17:04 --> Table 'wad_tute16.image' doesn't exist
CRITICAL - 2022-01-22 01:17:04 --> SplFileInfo::getSize(): stat failed for 20220122/1642835824_18a202f3c089c8212df9.jpg
#0 S:\XAMPP\htdocs\wad_tute16\system\Files\File.php(64): SplFileInfo->getSize()
#1 S:\XAMPP\htdocs\wad_tute16\system\Files\File.php(76): CodeIgniter\Files\File->getSize()
#2 S:\XAMPP\htdocs\wad_tute16\app\Views\upload_success.php(14): CodeIgniter\Files\File->getSizeByUnit('kb')
#3 S:\XAMPP\htdocs\wad_tute16\system\View\View.php(210): include('S:\\XAMPP\\htdocs...')
#4 S:\XAMPP\htdocs\wad_tute16\system\View\View.php(213): CodeIgniter\View\View->CodeIgniter\View\{closure}()
#5 S:\XAMPP\htdocs\wad_tute16\system\Common.php(1089): CodeIgniter\View\View->render('upload_success', Array, true)
#6 S:\XAMPP\htdocs\wad_tute16\app\Controllers\Upload.php(47): view('upload_success', Array)
#7 S:\XAMPP\htdocs\wad_tute16\system\CodeIgniter.php(825): App\Controllers\Upload->upload()
#8 S:\XAMPP\htdocs\wad_tute16\system\CodeIgniter.php(412): CodeIgniter\CodeIgniter->runController(Object(App\Controllers\Upload))
#9 S:\XAMPP\htdocs\wad_tute16\system\CodeIgniter.php(320): CodeIgniter\CodeIgniter->handleRequest(NULL, Object(Config\Cache), false)
#10 S:\XAMPP\htdocs\wad_tute16\public\index.php(37): CodeIgniter\CodeIgniter->run()
#11 S:\XAMPP\htdocs\wad_tute16\system\Commands\Server\rewrite.php(43): require_once('S:\\XAMPP\\htdocs...')
#12 {main}
CRITICAL - 2022-01-22 01:17:36 --> Undefined property: CodeIgniter\View\View::$db
#0 S:\XAMPP\htdocs\wad_tute16\app\Views\upload_form.php(18): CodeIgniter\Debug\Exceptions->errorHandler(2, 'Undefined prope...', 'S:\\XAMPP\\htdocs...', 18)
#1 S:\XAMPP\htdocs\wad_tute16\system\View\View.php(210): include('S:\\XAMPP\\htdocs...')
#2 S:\XAMPP\htdocs\wad_tute16\system\View\View.php(213): CodeIgniter\View\View->CodeIgniter\View\{closure}()
#3 S:\XAMPP\htdocs\wad_tute16\system\Common.php(1089): CodeIgniter\View\View->render('upload_form', Array, true)
#4 S:\XAMPP\htdocs\wad_tute16\app\Controllers\Upload.php(13): view('upload_form', Array)
#5 S:\XAMPP\htdocs\wad_tute16\system\CodeIgniter.php(825): App\Controllers\Upload->index()
#6 S:\XAMPP\htdocs\wad_tute16\system\CodeIgniter.php(412): CodeIgniter\CodeIgniter->runController(Object(App\Controllers\Upload))
#7 S:\XAMPP\htdocs\wad_tute16\system\CodeIgniter.php(320): CodeIgniter\CodeIgniter->handleRequest(NULL, Object(Config\Cache), false)
#8 S:\XAMPP\htdocs\wad_tute16\public\index.php(37): CodeIgniter\CodeIgniter->run()
#9 S:\XAMPP\htdocs\wad_tute16\system\Commands\Server\rewrite.php(43): require_once('S:\\XAMPP\\htdocs...')
#10 {main}
CRITICAL - 2022-01-22 01:17:57 --> Undefined property: CodeIgniter\View\View::$db
#0 S:\XAMPP\htdocs\wad_tute16\app\Views\upload_form.php(18): CodeIgniter\Debug\Exceptions->errorHandler(2, 'Undefined prope...', 'S:\\XAMPP\\htdocs...', 18)
#1 S:\XAMPP\htdocs\wad_tute16\system\View\View.php(210): include('S:\\XAMPP\\htdocs...')
#2 S:\XAMPP\htdocs\wad_tute16\system\View\View.php(213): CodeIgniter\View\View->CodeIgniter\View\{closure}()
#3 S:\XAMPP\htdocs\wad_tute16\system\Common.php(1089): CodeIgniter\View\View->render('upload_form', Array, true)
#4 S:\XAMPP\htdocs\wad_tute16\app\Controllers\Upload.php(13): view('upload_form', Array)
#5 S:\XAMPP\htdocs\wad_tute16\system\CodeIgniter.php(825): App\Controllers\Upload->index()
#6 S:\XAMPP\htdocs\wad_tute16\system\CodeIgniter.php(412): CodeIgniter\CodeIgniter->runController(Object(App\Controllers\Upload))
#7 S:\XAMPP\htdocs\wad_tute16\system\CodeIgniter.php(320): CodeIgniter\CodeIgniter->handleRequest(NULL, Object(Config\Cache), false)
#8 S:\XAMPP\htdocs\wad_tute16\public\index.php(37): CodeIgniter\CodeIgniter->run()
#9 S:\XAMPP\htdocs\wad_tute16\system\Commands\Server\rewrite.php(43): require_once('S:\\XAMPP\\htdocs...')
#10 {main}
ERROR - 2022-01-22 01:24:55 --> Table 'wad_tute16.image' doesn't exist
CRITICAL - 2022-01-22 01:24:55 --> SplFileInfo::getSize(): stat failed for 20220122/1642836295_93c2e13f61e62949213d.jpg
#0 S:\XAMPP\htdocs\wad_tute16\system\Files\File.php(64): SplFileInfo->getSize()
#1 S:\XAMPP\htdocs\wad_tute16\system\Files\File.php(76): CodeIgniter\Files\File->getSize()
#2 S:\XAMPP\htdocs\wad_tute16\app\Views\upload_success.php(14): CodeIgniter\Files\File->getSizeByUnit('kb')
#3 S:\XAMPP\htdocs\wad_tute16\system\View\View.php(210): include('S:\\XAMPP\\htdocs...')
#4 S:\XAMPP\htdocs\wad_tute16\system\View\View.php(213): CodeIgniter\View\View->CodeIgniter\View\{closure}()
#5 S:\XAMPP\htdocs\wad_tute16\system\Common.php(1089): CodeIgniter\View\View->render('upload_success', Array, true)
#6 S:\XAMPP\htdocs\wad_tute16\app\Controllers\Upload.php(47): view('upload_success', Array)
#7 S:\XAMPP\htdocs\wad_tute16\system\CodeIgniter.php(825): App\Controllers\Upload->upload()
#8 S:\XAMPP\htdocs\wad_tute16\system\CodeIgniter.php(412): CodeIgniter\CodeIgniter->runController(Object(App\Controllers\Upload))
#9 S:\XAMPP\htdocs\wad_tute16\system\CodeIgniter.php(320): CodeIgniter\CodeIgniter->handleRequest(NULL, Object(Config\Cache), false)
#10 S:\XAMPP\htdocs\wad_tute16\public\index.php(37): CodeIgniter\CodeIgniter->run()
#11 S:\XAMPP\htdocs\wad_tute16\system\Commands\Server\rewrite.php(43): require_once('S:\\XAMPP\\htdocs...')
#12 {main}
CRITICAL - 2022-01-22 01:25:52 --> Invalid file: upload.php
#0 S:\XAMPP\htdocs\wad_tute16\system\View\View.php(198): CodeIgniter\Exceptions\FrameworkException::forInvalidFile('upload.php')
#1 S:\XAMPP\htdocs\wad_tute16\system\Common.php(1089): CodeIgniter\View\View->render('upload', Array, true)
#2 S:\XAMPP\htdocs\wad_tute16\app\Controllers\Home.php(9): view('upload')
#3 S:\XAMPP\htdocs\wad_tute16\system\CodeIgniter.php(825): App\Controllers\Home->index()
#4 S:\XAMPP\htdocs\wad_tute16\system\CodeIgniter.php(412): CodeIgniter\CodeIgniter->runController(Object(App\Controllers\Home))
#5 S:\XAMPP\htdocs\wad_tute16\system\CodeIgniter.php(320): CodeIgniter\CodeIgniter->handleRequest(NULL, Object(Config\Cache), false)
#6 S:\XAMPP\htdocs\wad_tute16\public\index.php(37): CodeIgniter\CodeIgniter->run()
#7 S:\XAMPP\htdocs\wad_tute16\system\Commands\Server\rewrite.php(43): require_once('S:\\XAMPP\\htdocs...')
#8 {main}
ERROR - 2022-01-22 01:26:08 --> Table 'wad_tute16.image' doesn't exist
CRITICAL - 2022-01-22 01:26:08 --> SplFileInfo::getSize(): stat failed for 20220122/1642836368_3348e0bbaf3532756b8d.jpg
#0 S:\XAMPP\htdocs\wad_tute16\system\Files\File.php(64): SplFileInfo->getSize()
#1 S:\XAMPP\htdocs\wad_tute16\system\Files\File.php(76): CodeIgniter\Files\File->getSize()
#2 S:\XAMPP\htdocs\wad_tute16\app\Views\upload_success.php(14): CodeIgniter\Files\File->getSizeByUnit('kb')
#3 S:\XAMPP\htdocs\wad_tute16\system\View\View.php(210): include('S:\\XAMPP\\htdocs...')
#4 S:\XAMPP\htdocs\wad_tute16\system\View\View.php(213): CodeIgniter\View\View->CodeIgniter\View\{closure}()
#5 S:\XAMPP\htdocs\wad_tute16\system\Common.php(1089): CodeIgniter\View\View->render('upload_success', Array, true)
#6 S:\XAMPP\htdocs\wad_tute16\app\Controllers\Upload.php(47): view('upload_success', Array)
#7 S:\XAMPP\htdocs\wad_tute16\system\CodeIgniter.php(825): App\Controllers\Upload->upload()
#8 S:\XAMPP\htdocs\wad_tute16\system\CodeIgniter.php(412): CodeIgniter\CodeIgniter->runController(Object(App\Controllers\Upload))
#9 S:\XAMPP\htdocs\wad_tute16\system\CodeIgniter.php(320): CodeIgniter\CodeIgniter->handleRequest(NULL, Object(Config\Cache), false)
#10 S:\XAMPP\htdocs\wad_tute16\public\index.php(37): CodeIgniter\CodeIgniter->run()
#11 S:\XAMPP\htdocs\wad_tute16\system\Commands\Server\rewrite.php(43): require_once('S:\\XAMPP\\htdocs...')
#12 {main}
ERROR - 2022-01-22 01:26:16 --> Table 'wad_tute16.image' doesn't exist
CRITICAL - 2022-01-22 01:26:16 --> SplFileInfo::getSize(): stat failed for 20220122/1642836376_00a7e82b1c2711e98c3d.jpg
#0 S:\XAMPP\htdocs\wad_tute16\system\Files\File.php(64): SplFileInfo->getSize()
#1 S:\XAMPP\htdocs\wad_tute16\system\Files\File.php(76): CodeIgniter\Files\File->getSize()
#2 S:\XAMPP\htdocs\wad_tute16\app\Views\upload_success.php(14): CodeIgniter\Files\File->getSizeByUnit('kb')
#3 S:\XAMPP\htdocs\wad_tute16\system\View\View.php(210): include('S:\\XAMPP\\htdocs...')
#4 S:\XAMPP\htdocs\wad_tute16\system\View\View.php(213): CodeIgniter\View\View->CodeIgniter\View\{closure}()
#5 S:\XAMPP\htdocs\wad_tute16\system\Common.php(1089): CodeIgniter\View\View->render('upload_success', Array, true)
#6 S:\XAMPP\htdocs\wad_tute16\app\Controllers\Upload.php(47): view('upload_success', Array)
#7 S:\XAMPP\htdocs\wad_tute16\system\CodeIgniter.php(825): App\Controllers\Upload->upload()
#8 S:\XAMPP\htdocs\wad_tute16\system\CodeIgniter.php(412): CodeIgniter\CodeIgniter->runController(Object(App\Controllers\Upload))
#9 S:\XAMPP\htdocs\wad_tute16\system\CodeIgniter.php(320): CodeIgniter\CodeIgniter->handleRequest(NULL, Object(Config\Cache), false)
#10 S:\XAMPP\htdocs\wad_tute16\public\index.php(37): CodeIgniter\CodeIgniter->run()
#11 S:\XAMPP\htdocs\wad_tute16\system\Commands\Server\rewrite.php(43): require_once('S:\\XAMPP\\htdocs...')
#12 {main}
ERROR - 2022-01-22 01:27:49 --> Table 'wad_tute16.image' doesn't exist
CRITICAL - 2022-01-22 01:27:49 --> SplFileInfo::getSize(): stat failed for 20220122/1642836469_2b61e23a731e4f50da13.jpg
#0 S:\XAMPP\htdocs\wad_tute16\system\Files\File.php(64): SplFileInfo->getSize()
#1 S:\XAMPP\htdocs\wad_tute16\system\Files\File.php(76): CodeIgniter\Files\File->getSize()
#2 S:\XAMPP\htdocs\wad_tute16\app\Views\upload_success.php(14): CodeIgniter\Files\File->getSizeByUnit('kb')
#3 S:\XAMPP\htdocs\wad_tute16\system\View\View.php(210): include('S:\\XAMPP\\htdocs...')
#4 S:\XAMPP\htdocs\wad_tute16\system\View\View.php(213): CodeIgniter\View\View->CodeIgniter\View\{closure}()
#5 S:\XAMPP\htdocs\wad_tute16\system\Common.php(1089): CodeIgniter\View\View->render('upload_success', Array, true)
#6 S:\XAMPP\htdocs\wad_tute16\app\Controllers\Upload.php(47): view('upload_success', Array)
#7 S:\XAMPP\htdocs\wad_tute16\system\CodeIgniter.php(825): App\Controllers\Upload->upload()
#8 S:\XAMPP\htdocs\wad_tute16\system\CodeIgniter.php(412): CodeIgniter\CodeIgniter->runController(Object(App\Controllers\Upload))
#9 S:\XAMPP\htdocs\wad_tute16\system\CodeIgniter.php(320): CodeIgniter\CodeIgniter->handleRequest(NULL, Object(Config\Cache), false)
#10 S:\XAMPP\htdocs\wad_tute16\public\index.php(37): CodeIgniter\CodeIgniter->run()
#11 S:\XAMPP\htdocs\wad_tute16\system\Commands\Server\rewrite.php(43): require_once('S:\\XAMPP\\htdocs...')
#12 {main}
ERROR - 2022-01-22 01:28:37 --> Table 'wad_tute16.image' doesn't exist
CRITICAL - 2022-01-22 01:28:37 --> SplFileInfo::getSize(): stat failed for 20220122/1642836517_66c65222e209fde9e28a.jpg
#0 S:\XAMPP\htdocs\wad_tute16\system\Files\File.php(64): SplFileInfo->getSize()
#1 S:\XAMPP\htdocs\wad_tute16\system\Files\File.php(76): CodeIgniter\Files\File->getSize()
#2 S:\XAMPP\htdocs\wad_tute16\app\Views\upload_success.php(14): CodeIgniter\Files\File->getSizeByUnit('kb')
#3 S:\XAMPP\htdocs\wad_tute16\system\View\View.php(210): include('S:\\XAMPP\\htdocs...')
#4 S:\XAMPP\htdocs\wad_tute16\system\View\View.php(213): CodeIgniter\View\View->CodeIgniter\View\{closure}()
#5 S:\XAMPP\htdocs\wad_tute16\system\Common.php(1089): CodeIgniter\View\View->render('upload_success', Array, true)
#6 S:\XAMPP\htdocs\wad_tute16\app\Controllers\Upload.php(51): view('upload_success', Array)
#7 S:\XAMPP\htdocs\wad_tute16\system\CodeIgniter.php(825): App\Controllers\Upload->upload()
#8 S:\XAMPP\htdocs\wad_tute16\system\CodeIgniter.php(412): CodeIgniter\CodeIgniter->runController(Object(App\Controllers\Upload))
#9 S:\XAMPP\htdocs\wad_tute16\system\CodeIgniter.php(320): CodeIgniter\CodeIgniter->handleRequest(NULL, Object(Config\Cache), false)
#10 S:\XAMPP\htdocs\wad_tute16\public\index.php(37): CodeIgniter\CodeIgniter->run()
#11 S:\XAMPP\htdocs\wad_tute16\system\Commands\Server\rewrite.php(43): require_once('S:\\XAMPP\\htdocs...')
#12 {main}
ERROR - 2022-01-22 01:40:44 --> Table 'test.images' doesn't exist
ERROR - 2022-01-22 01:40:45 --> Table 'test.images' doesn't exist
ERROR - 2022-01-22 01:41:07 --> Table 'test.images' doesn't exist
ERROR - 2022-01-22 01:41:08 --> Table 'test.images' doesn't exist
ERROR - 2022-01-22 01:41:08 --> Table 'test.images' doesn't exist
ERROR - 2022-01-22 01:41:09 --> Table 'test.images' doesn't exist
CRITICAL - 2022-01-22 01:42:05 --> SplFileInfo::getSize(): stat failed for 20220122/1642837325_e43755328c58aa52f208.jpg
#0 S:\XAMPP\htdocs\wad_tute16\system\Files\File.php(64): SplFileInfo->getSize()
#1 S:\XAMPP\htdocs\wad_tute16\system\Files\File.php(76): CodeIgniter\Files\File->getSize()
#2 S:\XAMPP\htdocs\wad_tute16\app\Views\upload_success.php(14): CodeIgniter\Files\File->getSizeByUnit('kb')
#3 S:\XAMPP\htdocs\wad_tute16\system\View\View.php(210): include('S:\\XAMPP\\htdocs...')
#4 S:\XAMPP\htdocs\wad_tute16\system\View\View.php(213): CodeIgniter\View\View->CodeIgniter\View\{closure}()
#5 S:\XAMPP\htdocs\wad_tute16\system\Common.php(1089): CodeIgniter\View\View->render('upload_success', Array, true)
#6 S:\XAMPP\htdocs\wad_tute16\app\Controllers\Upload.php(51): view('upload_success', Array)
#7 S:\XAMPP\htdocs\wad_tute16\system\CodeIgniter.php(825): App\Controllers\Upload->upload()
#8 S:\XAMPP\htdocs\wad_tute16\system\CodeIgniter.php(412): CodeIgniter\CodeIgniter->runController(Object(App\Controllers\Upload))
#9 S:\XAMPP\htdocs\wad_tute16\system\CodeIgniter.php(320): CodeIgniter\CodeIgniter->handleRequest(NULL, Object(Config\Cache), false)
#10 S:\XAMPP\htdocs\wad_tute16\public\index.php(37): CodeIgniter\CodeIgniter->run()
#11 S:\XAMPP\htdocs\wad_tute16\system\Commands\Server\rewrite.php(43): require_once('S:\\XAMPP\\htdocs...')
#12 {main}
CRITICAL - 2022-01-22 01:43:06 --> SplFileInfo::getSize(): stat failed for 20220122/1642837386_601469a6454009d19433.jpg
#0 S:\XAMPP\htdocs\wad_tute16\system\Files\File.php(64): SplFileInfo->getSize()
#1 S:\XAMPP\htdocs\wad_tute16\system\Files\File.php(76): CodeIgniter\Files\File->getSize()
#2 S:\XAMPP\htdocs\wad_tute16\app\Views\upload_success.php(14): CodeIgniter\Files\File->getSizeByUnit('kb')
#3 S:\XAMPP\htdocs\wad_tute16\system\View\View.php(210): include('S:\\XAMPP\\htdocs...')
#4 S:\XAMPP\htdocs\wad_tute16\system\View\View.php(213): CodeIgniter\View\View->CodeIgniter\View\{closure}()
#5 S:\XAMPP\htdocs\wad_tute16\system\Common.php(1089): CodeIgniter\View\View->render('upload_success', Array, true)
#6 S:\XAMPP\htdocs\wad_tute16\app\Controllers\Upload.php(50): view('upload_success', Array)
#7 S:\XAMPP\htdocs\wad_tute16\system\CodeIgniter.php(825): App\Controllers\Upload->upload()
#8 S:\XAMPP\htdocs\wad_tute16\system\CodeIgniter.php(412): CodeIgniter\CodeIgniter->runController(Object(App\Controllers\Upload))
#9 S:\XAMPP\htdocs\wad_tute16\system\CodeIgniter.php(320): CodeIgniter\CodeIgniter->handleRequest(NULL, Object(Config\Cache), false)
#10 S:\XAMPP\htdocs\wad_tute16\public\index.php(37): CodeIgniter\CodeIgniter->run()
#11 S:\XAMPP\htdocs\wad_tute16\system\Commands\Server\rewrite.php(43): require_once('S:\\XAMPP\\htdocs...')
#12 {main}
CRITICAL - 2022-01-22 01:46:38 --> Undefined variable $uploaded_flleinfo
#0 S:\XAMPP\htdocs\wad_tute16\app\Views\upload_success.php(13): CodeIgniter\Debug\Exceptions->errorHandler(2, 'Undefined varia...', 'S:\\XAMPP\\htdocs...', 13)
#1 S:\XAMPP\htdocs\wad_tute16\system\View\View.php(210): include('S:\\XAMPP\\htdocs...')
#2 S:\XAMPP\htdocs\wad_tute16\system\View\View.php(213): CodeIgniter\View\View->CodeIgniter\View\{closure}()
#3 S:\XAMPP\htdocs\wad_tute16\system\Common.php(1089): CodeIgniter\View\View->render('upload_success', Array, true)
#4 S:\XAMPP\htdocs\wad_tute16\app\Controllers\Upload.php(52): view('upload_success')
#5 S:\XAMPP\htdocs\wad_tute16\system\CodeIgniter.php(825): App\Controllers\Upload->upload()
#6 S:\XAMPP\htdocs\wad_tute16\system\CodeIgniter.php(412): CodeIgniter\CodeIgniter->runController(Object(App\Controllers\Upload))
#7 S:\XAMPP\htdocs\wad_tute16\system\CodeIgniter.php(320): CodeIgniter\CodeIgniter->handleRequest(NULL, Object(Config\Cache), false)
#8 S:\XAMPP\htdocs\wad_tute16\public\index.php(37): CodeIgniter\CodeIgniter->run()
#9 S:\XAMPP\htdocs\wad_tute16\system\Commands\Server\rewrite.php(43): require_once('S:\\XAMPP\\htdocs...')
#10 {main}
CRITICAL - 2022-01-22 01:50:50 --> SplFileInfo::getSize(): stat failed for 20220122/1642837850_b5e1decce20696836f8f.jpg
#0 S:\XAMPP\htdocs\wad_tute16\system\Files\File.php(64): SplFileInfo->getSize()
#1 S:\XAMPP\htdocs\wad_tute16\system\Files\File.php(76): CodeIgniter\Files\File->getSize()
#2 S:\XAMPP\htdocs\wad_tute16\app\Views\upload_success.php(14): CodeIgniter\Files\File->getSizeByUnit('kb')
#3 S:\XAMPP\htdocs\wad_tute16\system\View\View.php(210): include('S:\\XAMPP\\htdocs...')
#4 S:\XAMPP\htdocs\wad_tute16\system\View\View.php(213): CodeIgniter\View\View->CodeIgniter\View\{closure}()
#5 S:\XAMPP\htdocs\wad_tute16\system\Common.php(1089): CodeIgniter\View\View->render('upload_success', Array, true)
#6 S:\XAMPP\htdocs\wad_tute16\app\Controllers\Upload.php(51): view('upload_success', Array)
#7 S:\XAMPP\htdocs\wad_tute16\system\CodeIgniter.php(825): App\Controllers\Upload->upload()
#8 S:\XAMPP\htdocs\wad_tute16\system\CodeIgniter.php(412): CodeIgniter\CodeIgniter->runController(Object(App\Controllers\Upload))
#9 S:\XAMPP\htdocs\wad_tute16\system\CodeIgniter.php(320): CodeIgniter\CodeIgniter->handleRequest(NULL, Object(Config\Cache), false)
#10 S:\XAMPP\htdocs\wad_tute16\public\index.php(37): CodeIgniter\CodeIgniter->run()
#11 S:\XAMPP\htdocs\wad_tute16\system\Commands\Server\rewrite.php(43): require_once('S:\\XAMPP\\htdocs...')
#12 {main}
