ERROR - 2022-01-21 07:32:47 --> Table 'wad_tute16.image' doesn't exist
ERROR - 2022-01-21 07:32:48 --> Table 'wad_tute16.image' doesn't exist
CRITICAL - 2022-01-21 07:35:39 --> Invalid argument supplied for foreach()
#0 S:\XAMPP\htdocs\wad_tute16\app\Views\upload.php(13): CodeIgniter\Debug\Exceptions->errorHandler(2, 'Invalid argumen...', 'S:\\XAMPP\\htdocs...', 13, Array)
#1 S:\XAMPP\htdocs\wad_tute16\system\View\View.php(210): include('S:\\XAMPP\\htdocs...')
#2 S:\XAMPP\htdocs\wad_tute16\system\View\View.php(213): CodeIgniter\View\View->CodeIgniter\View\{closure}()
#3 S:\XAMPP\htdocs\wad_tute16\system\Common.php(1089): CodeIgniter\View\View->render('upload', Array, true)
#4 S:\XAMPP\htdocs\wad_tute16\app\Controllers\ImageUpload.php(9): view('upload')
#5 S:\XAMPP\htdocs\wad_tute16\system\CodeIgniter.php(825): App\Controllers\ImageUpload->index()
#6 S:\XAMPP\htdocs\wad_tute16\system\CodeIgniter.php(412): CodeIgniter\CodeIgniter->runController(Object(App\Controllers\ImageUpload))
#7 S:\XAMPP\htdocs\wad_tute16\system\CodeIgniter.php(320): CodeIgniter\CodeIgniter->handleRequest(NULL, Object(Config\Cache), false)
#8 S:\XAMPP\htdocs\wad_tute16\public\index.php(37): CodeIgniter\CodeIgniter->run()
#9 {main}
CRITICAL - 2022-01-21 07:35:40 --> Invalid argument supplied for foreach()
#0 S:\XAMPP\htdocs\wad_tute16\app\Views\upload.php(13): CodeIgniter\Debug\Exceptions->errorHandler(2, 'Invalid argumen...', 'S:\\XAMPP\\htdocs...', 13, Array)
#1 S:\XAMPP\htdocs\wad_tute16\system\View\View.php(210): include('S:\\XAMPP\\htdocs...')
#2 S:\XAMPP\htdocs\wad_tute16\system\View\View.php(213): CodeIgniter\View\View->CodeIgniter\View\{closure}()
#3 S:\XAMPP\htdocs\wad_tute16\system\Common.php(1089): CodeIgniter\View\View->render('upload', Array, true)
#4 S:\XAMPP\htdocs\wad_tute16\app\Controllers\ImageUpload.php(9): view('upload')
#5 S:\XAMPP\htdocs\wad_tute16\system\CodeIgniter.php(825): App\Controllers\ImageUpload->index()
#6 S:\XAMPP\htdocs\wad_tute16\system\CodeIgniter.php(412): CodeIgniter\CodeIgniter->runController(Object(App\Controllers\ImageUpload))
#7 S:\XAMPP\htdocs\wad_tute16\system\CodeIgniter.php(320): CodeIgniter\CodeIgniter->handleRequest(NULL, Object(Config\Cache), false)
#8 S:\XAMPP\htdocs\wad_tute16\public\index.php(37): CodeIgniter\CodeIgniter->run()
#9 {main}
CRITICAL - 2022-01-21 07:35:44 --> Invalid argument supplied for foreach()
#0 S:\XAMPP\htdocs\wad_tute16\app\Views\upload.php(13): CodeIgniter\Debug\Exceptions->errorHandler(2, 'Invalid argumen...', 'S:\\XAMPP\\htdocs...', 13, Array)
#1 S:\XAMPP\htdocs\wad_tute16\system\View\View.php(210): include('S:\\XAMPP\\htdocs...')
#2 S:\XAMPP\htdocs\wad_tute16\system\View\View.php(213): CodeIgniter\View\View->CodeIgniter\View\{closure}()
#3 S:\XAMPP\htdocs\wad_tute16\system\Common.php(1089): CodeIgniter\View\View->render('upload', Array, true)
#4 S:\XAMPP\htdocs\wad_tute16\app\Controllers\ImageUpload.php(9): view('upload')
#5 S:\XAMPP\htdocs\wad_tute16\system\CodeIgniter.php(825): App\Controllers\ImageUpload->index()
#6 S:\XAMPP\htdocs\wad_tute16\system\CodeIgniter.php(412): CodeIgniter\CodeIgniter->runController(Object(App\Controllers\ImageUpload))
#7 S:\XAMPP\htdocs\wad_tute16\system\CodeIgniter.php(320): CodeIgniter\CodeIgniter->handleRequest(NULL, Object(Config\Cache), false)
#8 S:\XAMPP\htdocs\wad_tute16\public\index.php(37): CodeIgniter\CodeIgniter->run()
#9 {main}
CRITICAL - 2022-01-21 07:35:44 --> Invalid argument supplied for foreach()
#0 S:\XAMPP\htdocs\wad_tute16\app\Views\upload.php(13): CodeIgniter\Debug\Exceptions->errorHandler(2, 'Invalid argumen...', 'S:\\XAMPP\\htdocs...', 13, Array)
#1 S:\XAMPP\htdocs\wad_tute16\system\View\View.php(210): include('S:\\XAMPP\\htdocs...')
#2 S:\XAMPP\htdocs\wad_tute16\system\View\View.php(213): CodeIgniter\View\View->CodeIgniter\View\{closure}()
#3 S:\XAMPP\htdocs\wad_tute16\system\Common.php(1089): CodeIgniter\View\View->render('upload', Array, true)
#4 S:\XAMPP\htdocs\wad_tute16\app\Controllers\ImageUpload.php(9): view('upload')
#5 S:\XAMPP\htdocs\wad_tute16\system\CodeIgniter.php(825): App\Controllers\ImageUpload->index()
#6 S:\XAMPP\htdocs\wad_tute16\system\CodeIgniter.php(412): CodeIgniter\CodeIgniter->runController(Object(App\Controllers\ImageUpload))
#7 S:\XAMPP\htdocs\wad_tute16\system\CodeIgniter.php(320): CodeIgniter\CodeIgniter->handleRequest(NULL, Object(Config\Cache), false)
#8 S:\XAMPP\htdocs\wad_tute16\public\index.php(37): CodeIgniter\CodeIgniter->run()
#9 {main}
CRITICAL - 2022-01-21 07:35:45 --> Invalid argument supplied for foreach()
#0 S:\XAMPP\htdocs\wad_tute16\app\Views\upload.php(13): CodeIgniter\Debug\Exceptions->errorHandler(2, 'Invalid argumen...', 'S:\\XAMPP\\htdocs...', 13, Array)
#1 S:\XAMPP\htdocs\wad_tute16\system\View\View.php(210): include('S:\\XAMPP\\htdocs...')
#2 S:\XAMPP\htdocs\wad_tute16\system\View\View.php(213): CodeIgniter\View\View->CodeIgniter\View\{closure}()
#3 S:\XAMPP\htdocs\wad_tute16\system\Common.php(1089): CodeIgniter\View\View->render('upload', Array, true)
#4 S:\XAMPP\htdocs\wad_tute16\app\Controllers\ImageUpload.php(9): view('upload')
#5 S:\XAMPP\htdocs\wad_tute16\system\CodeIgniter.php(825): App\Controllers\ImageUpload->index()
#6 S:\XAMPP\htdocs\wad_tute16\system\CodeIgniter.php(412): CodeIgniter\CodeIgniter->runController(Object(App\Controllers\ImageUpload))
#7 S:\XAMPP\htdocs\wad_tute16\system\CodeIgniter.php(320): CodeIgniter\CodeIgniter->handleRequest(NULL, Object(Config\Cache), false)
#8 S:\XAMPP\htdocs\wad_tute16\public\index.php(37): CodeIgniter\CodeIgniter->run()
#9 {main}
CRITICAL - 2022-01-21 07:36:14 --> Call to undefined function form_open_multipart()
#0 S:\XAMPP\htdocs\wad_tute16\system\View\View.php(210): include()
#1 S:\XAMPP\htdocs\wad_tute16\system\View\View.php(213): CodeIgniter\View\View->CodeIgniter\View\{closure}()
#2 S:\XAMPP\htdocs\wad_tute16\system\Common.php(1089): CodeIgniter\View\View->render('upload', Array, true)
#3 S:\XAMPP\htdocs\wad_tute16\app\Controllers\ImageUpload.php(9): view('upload')
#4 S:\XAMPP\htdocs\wad_tute16\system\CodeIgniter.php(825): App\Controllers\ImageUpload->index()
#5 S:\XAMPP\htdocs\wad_tute16\system\CodeIgniter.php(412): CodeIgniter\CodeIgniter->runController(Object(App\Controllers\ImageUpload))
#6 S:\XAMPP\htdocs\wad_tute16\system\CodeIgniter.php(320): CodeIgniter\CodeIgniter->handleRequest(NULL, Object(Config\Cache), false)
#7 S:\XAMPP\htdocs\wad_tute16\public\index.php(37): CodeIgniter\CodeIgniter->run()
#8 {main}
CRITICAL - 2022-01-21 07:36:15 --> Call to undefined function form_open_multipart()
#0 S:\XAMPP\htdocs\wad_tute16\system\View\View.php(210): include()
#1 S:\XAMPP\htdocs\wad_tute16\system\View\View.php(213): CodeIgniter\View\View->CodeIgniter\View\{closure}()
#2 S:\XAMPP\htdocs\wad_tute16\system\Common.php(1089): CodeIgniter\View\View->render('upload', Array, true)
#3 S:\XAMPP\htdocs\wad_tute16\app\Controllers\ImageUpload.php(9): view('upload')
#4 S:\XAMPP\htdocs\wad_tute16\system\CodeIgniter.php(825): App\Controllers\ImageUpload->index()
#5 S:\XAMPP\htdocs\wad_tute16\system\CodeIgniter.php(412): CodeIgniter\CodeIgniter->runController(Object(App\Controllers\ImageUpload))
#6 S:\XAMPP\htdocs\wad_tute16\system\CodeIgniter.php(320): CodeIgniter\CodeIgniter->handleRequest(NULL, Object(Config\Cache), false)
#7 S:\XAMPP\htdocs\wad_tute16\public\index.php(37): CodeIgniter\CodeIgniter->run()
#8 {main}
CRITICAL - 2022-01-21 07:36:29 --> Call to undefined function form_open_multipart()
#0 S:\XAMPP\htdocs\wad_tute16\system\View\View.php(210): include()
#1 S:\XAMPP\htdocs\wad_tute16\system\View\View.php(213): CodeIgniter\View\View->CodeIgniter\View\{closure}()
#2 S:\XAMPP\htdocs\wad_tute16\system\Common.php(1089): CodeIgniter\View\View->render('upload', Array, true)
#3 S:\XAMPP\htdocs\wad_tute16\app\Controllers\ImageUpload.php(9): view('upload')
#4 S:\XAMPP\htdocs\wad_tute16\system\CodeIgniter.php(825): App\Controllers\ImageUpload->index()
#5 S:\XAMPP\htdocs\wad_tute16\system\CodeIgniter.php(412): CodeIgniter\CodeIgniter->runController(Object(App\Controllers\ImageUpload))
#6 S:\XAMPP\htdocs\wad_tute16\system\CodeIgniter.php(320): CodeIgniter\CodeIgniter->handleRequest(NULL, Object(Config\Cache), false)
#7 S:\XAMPP\htdocs\wad_tute16\public\index.php(37): CodeIgniter\CodeIgniter->run()
#8 {main}
CRITICAL - 2022-01-21 07:36:30 --> Call to undefined function form_open_multipart()
#0 S:\XAMPP\htdocs\wad_tute16\system\View\View.php(210): include()
#1 S:\XAMPP\htdocs\wad_tute16\system\View\View.php(213): CodeIgniter\View\View->CodeIgniter\View\{closure}()
#2 S:\XAMPP\htdocs\wad_tute16\system\Common.php(1089): CodeIgniter\View\View->render('upload', Array, true)
#3 S:\XAMPP\htdocs\wad_tute16\app\Controllers\ImageUpload.php(9): view('upload')
#4 S:\XAMPP\htdocs\wad_tute16\system\CodeIgniter.php(825): App\Controllers\ImageUpload->index()
#5 S:\XAMPP\htdocs\wad_tute16\system\CodeIgniter.php(412): CodeIgniter\CodeIgniter->runController(Object(App\Controllers\ImageUpload))
#6 S:\XAMPP\htdocs\wad_tute16\system\CodeIgniter.php(320): CodeIgniter\CodeIgniter->handleRequest(NULL, Object(Config\Cache), false)
#7 S:\XAMPP\htdocs\wad_tute16\public\index.php(37): CodeIgniter\CodeIgniter->run()
#8 {main}
CRITICAL - 2022-01-21 07:36:55 --> Invalid argument supplied for foreach()
#0 S:\XAMPP\htdocs\wad_tute16\app\Views\upload.php(10): CodeIgniter\Debug\Exceptions->errorHandler(2, 'Invalid argumen...', 'S:\\XAMPP\\htdocs...', 10, Array)
#1 S:\XAMPP\htdocs\wad_tute16\system\View\View.php(210): include('S:\\XAMPP\\htdocs...')
#2 S:\XAMPP\htdocs\wad_tute16\system\View\View.php(213): CodeIgniter\View\View->CodeIgniter\View\{closure}()
#3 S:\XAMPP\htdocs\wad_tute16\system\Common.php(1089): CodeIgniter\View\View->render('upload', Array, true)
#4 S:\XAMPP\htdocs\wad_tute16\app\Controllers\ImageUpload.php(9): view('upload')
#5 S:\XAMPP\htdocs\wad_tute16\system\CodeIgniter.php(825): App\Controllers\ImageUpload->index()
#6 S:\XAMPP\htdocs\wad_tute16\system\CodeIgniter.php(412): CodeIgniter\CodeIgniter->runController(Object(App\Controllers\ImageUpload))
#7 S:\XAMPP\htdocs\wad_tute16\system\CodeIgniter.php(320): CodeIgniter\CodeIgniter->handleRequest(NULL, Object(Config\Cache), false)
#8 S:\XAMPP\htdocs\wad_tute16\public\index.php(37): CodeIgniter\CodeIgniter->run()
#9 {main}
CRITICAL - 2022-01-21 07:36:55 --> Invalid argument supplied for foreach()
#0 S:\XAMPP\htdocs\wad_tute16\app\Views\upload.php(10): CodeIgniter\Debug\Exceptions->errorHandler(2, 'Invalid argumen...', 'S:\\XAMPP\\htdocs...', 10, Array)
#1 S:\XAMPP\htdocs\wad_tute16\system\View\View.php(210): include('S:\\XAMPP\\htdocs...')
#2 S:\XAMPP\htdocs\wad_tute16\system\View\View.php(213): CodeIgniter\View\View->CodeIgniter\View\{closure}()
#3 S:\XAMPP\htdocs\wad_tute16\system\Common.php(1089): CodeIgniter\View\View->render('upload', Array, true)
#4 S:\XAMPP\htdocs\wad_tute16\app\Controllers\ImageUpload.php(9): view('upload')
#5 S:\XAMPP\htdocs\wad_tute16\system\CodeIgniter.php(825): App\Controllers\ImageUpload->index()
#6 S:\XAMPP\htdocs\wad_tute16\system\CodeIgniter.php(412): CodeIgniter\CodeIgniter->runController(Object(App\Controllers\ImageUpload))
#7 S:\XAMPP\htdocs\wad_tute16\system\CodeIgniter.php(320): CodeIgniter\CodeIgniter->handleRequest(NULL, Object(Config\Cache), false)
#8 S:\XAMPP\htdocs\wad_tute16\public\index.php(37): CodeIgniter\CodeIgniter->run()
#9 {main}
CRITICAL - 2022-01-21 17:53:00 --> The framework needs the following extension(s) installed and loaded: intl.
#0 S:\XAMPP\htdocs\wad_tute16\system\CodeIgniter.php(219): CodeIgniter\Exceptions\FrameworkException::forMissingExtension('intl')
#1 S:\XAMPP\htdocs\wad_tute16\system\CodeIgniter.php(177): CodeIgniter\CodeIgniter->resolvePlatformExtensions()
#2 S:\XAMPP\htdocs\wad_tute16\system\bootstrap.php(146): CodeIgniter\CodeIgniter->initialize()
#3 S:\XAMPP\htdocs\wad_tute16\spark(45): require('S:\\XAMPP\\htdocs...')
#4 {main}
ERROR - 2022-01-21 12:12:59 --> Table 'wad_tute16.image' doesn't exist
CRITICAL - 2022-01-21 12:12:59 --> SplFileInfo::getSize(): stat failed for 20220121/1642788779_edea1b9d0c0a3d052e13.jpg
#0 S:\XAMPP\htdocs\wad_tute16\system\Files\File.php(64): SplFileInfo->getSize()
#1 S:\XAMPP\htdocs\wad_tute16\system\Files\File.php(76): CodeIgniter\Files\File->getSize()
#2 S:\XAMPP\htdocs\wad_tute16\app\Views\upload_success.php(14): CodeIgniter\Files\File->getSizeByUnit('kb')
#3 S:\XAMPP\htdocs\wad_tute16\system\View\View.php(210): include('S:\\XAMPP\\htdocs...')
#4 S:\XAMPP\htdocs\wad_tute16\system\View\View.php(213): CodeIgniter\View\View->CodeIgniter\View\{closure}()
#5 S:\XAMPP\htdocs\wad_tute16\system\Common.php(1089): CodeIgniter\View\View->render('upload_success', Array, true)
#6 S:\XAMPP\htdocs\wad_tute16\app\Controllers\Upload.php(47): view('upload_success', Array)
#7 S:\XAMPP\htdocs\wad_tute16\system\CodeIgniter.php(825): App\Controllers\Upload->upload()
#8 S:\XAMPP\htdocs\wad_tute16\system\CodeIgniter.php(412): CodeIgniter\CodeIgniter->runController(Object(App\Controllers\Upload))
#9 S:\XAMPP\htdocs\wad_tute16\system\CodeIgniter.php(320): CodeIgniter\CodeIgniter->handleRequest(NULL, Object(Config\Cache), false)
#10 S:\XAMPP\htdocs\wad_tute16\public\index.php(37): CodeIgniter\CodeIgniter->run()
#11 S:\XAMPP\htdocs\wad_tute16\system\Commands\Server\rewrite.php(43): require_once('S:\\XAMPP\\htdocs...')
#12 {main}
CRITICAL - 2022-01-21 12:16:21 --> Undefined property: CodeIgniter\View\View::$db
#0 S:\XAMPP\htdocs\wad_tute16\app\Views\upload_form.php(18): CodeIgniter\Debug\Exceptions->errorHandler(2, 'Undefined prope...', 'S:\\XAMPP\\htdocs...', 18)
#1 S:\XAMPP\htdocs\wad_tute16\system\View\View.php(210): include('S:\\XAMPP\\htdocs...')
#2 S:\XAMPP\htdocs\wad_tute16\system\View\View.php(213): CodeIgniter\View\View->CodeIgniter\View\{closure}()
#3 S:\XAMPP\htdocs\wad_tute16\system\Common.php(1089): CodeIgniter\View\View->render('upload_form', Array, true)
#4 S:\XAMPP\htdocs\wad_tute16\app\Controllers\Upload.php(13): view('upload_form', Array)
#5 S:\XAMPP\htdocs\wad_tute16\system\CodeIgniter.php(825): App\Controllers\Upload->index()
#6 S:\XAMPP\htdocs\wad_tute16\system\CodeIgniter.php(412): CodeIgniter\CodeIgniter->runController(Object(App\Controllers\Upload))
#7 S:\XAMPP\htdocs\wad_tute16\system\CodeIgniter.php(320): CodeIgniter\CodeIgniter->handleRequest(NULL, Object(Config\Cache), false)
#8 S:\XAMPP\htdocs\wad_tute16\public\index.php(37): CodeIgniter\CodeIgniter->run()
#9 S:\XAMPP\htdocs\wad_tute16\system\Commands\Server\rewrite.php(43): require_once('S:\\XAMPP\\htdocs...')
#10 {main}
CRITICAL - 2022-01-21 12:16:30 --> Undefined property: CodeIgniter\View\View::$db
#0 S:\XAMPP\htdocs\wad_tute16\app\Views\upload_form.php(18): CodeIgniter\Debug\Exceptions->errorHandler(2, 'Undefined prope...', 'S:\\XAMPP\\htdocs...', 18)
#1 S:\XAMPP\htdocs\wad_tute16\system\View\View.php(210): include('S:\\XAMPP\\htdocs...')
#2 S:\XAMPP\htdocs\wad_tute16\system\View\View.php(213): CodeIgniter\View\View->CodeIgniter\View\{closure}()
#3 S:\XAMPP\htdocs\wad_tute16\system\Common.php(1089): CodeIgniter\View\View->render('upload_form', Array, true)
#4 S:\XAMPP\htdocs\wad_tute16\app\Controllers\Upload.php(13): view('upload_form', Array)
#5 S:\XAMPP\htdocs\wad_tute16\system\CodeIgniter.php(825): App\Controllers\Upload->index()
#6 S:\XAMPP\htdocs\wad_tute16\system\CodeIgniter.php(412): CodeIgniter\CodeIgniter->runController(Object(App\Controllers\Upload))
#7 S:\XAMPP\htdocs\wad_tute16\system\CodeIgniter.php(320): CodeIgniter\CodeIgniter->handleRequest(NULL, Object(Config\Cache), false)
#8 S:\XAMPP\htdocs\wad_tute16\public\index.php(37): CodeIgniter\CodeIgniter->run()
#9 S:\XAMPP\htdocs\wad_tute16\system\Commands\Server\rewrite.php(43): require_once('S:\\XAMPP\\htdocs...')
#10 {main}
CRITICAL - 2022-01-21 12:16:51 --> Undefined property: CodeIgniter\View\View::$db
#0 S:\XAMPP\htdocs\wad_tute16\app\Views\upload_form.php(18): CodeIgniter\Debug\Exceptions->errorHandler(2, 'Undefined prope...', 'S:\\XAMPP\\htdocs...', 18)
#1 S:\XAMPP\htdocs\wad_tute16\system\View\View.php(210): include('S:\\XAMPP\\htdocs...')
#2 S:\XAMPP\htdocs\wad_tute16\system\View\View.php(213): CodeIgniter\View\View->CodeIgniter\View\{closure}()
#3 S:\XAMPP\htdocs\wad_tute16\system\Common.php(1089): CodeIgniter\View\View->render('upload_form', Array, true)
#4 S:\XAMPP\htdocs\wad_tute16\app\Controllers\Upload.php(13): view('upload_form', Array)
#5 S:\XAMPP\htdocs\wad_tute16\system\CodeIgniter.php(825): App\Controllers\Upload->index()
#6 S:\XAMPP\htdocs\wad_tute16\system\CodeIgniter.php(412): CodeIgniter\CodeIgniter->runController(Object(App\Controllers\Upload))
#7 S:\XAMPP\htdocs\wad_tute16\system\CodeIgniter.php(320): CodeIgniter\CodeIgniter->handleRequest(NULL, Object(Config\Cache), false)
#8 S:\XAMPP\htdocs\wad_tute16\public\index.php(37): CodeIgniter\CodeIgniter->run()
#9 S:\XAMPP\htdocs\wad_tute16\system\Commands\Server\rewrite.php(43): require_once('S:\\XAMPP\\htdocs...')
#10 {main}
CRITICAL - 2022-01-21 12:16:52 --> Undefined property: CodeIgniter\View\View::$db
#0 S:\XAMPP\htdocs\wad_tute16\app\Views\upload_form.php(18): CodeIgniter\Debug\Exceptions->errorHandler(2, 'Undefined prope...', 'S:\\XAMPP\\htdocs...', 18)
#1 S:\XAMPP\htdocs\wad_tute16\system\View\View.php(210): include('S:\\XAMPP\\htdocs...')
#2 S:\XAMPP\htdocs\wad_tute16\system\View\View.php(213): CodeIgniter\View\View->CodeIgniter\View\{closure}()
#3 S:\XAMPP\htdocs\wad_tute16\system\Common.php(1089): CodeIgniter\View\View->render('upload_form', Array, true)
#4 S:\XAMPP\htdocs\wad_tute16\app\Controllers\Upload.php(13): view('upload_form', Array)
#5 S:\XAMPP\htdocs\wad_tute16\system\CodeIgniter.php(825): App\Controllers\Upload->index()
#6 S:\XAMPP\htdocs\wad_tute16\system\CodeIgniter.php(412): CodeIgniter\CodeIgniter->runController(Object(App\Controllers\Upload))
#7 S:\XAMPP\htdocs\wad_tute16\system\CodeIgniter.php(320): CodeIgniter\CodeIgniter->handleRequest(NULL, Object(Config\Cache), false)
#8 S:\XAMPP\htdocs\wad_tute16\public\index.php(37): CodeIgniter\CodeIgniter->run()
#9 S:\XAMPP\htdocs\wad_tute16\system\Commands\Server\rewrite.php(43): require_once('S:\\XAMPP\\htdocs...')
#10 {main}
CRITICAL - 2022-01-21 12:17:16 --> Undefined property: CodeIgniter\View\View::$db
#0 S:\XAMPP\htdocs\wad_tute16\app\Views\upload_form.php(18): CodeIgniter\Debug\Exceptions->errorHandler(2, 'Undefined prope...', 'S:\\XAMPP\\htdocs...', 18)
#1 S:\XAMPP\htdocs\wad_tute16\system\View\View.php(210): include('S:\\XAMPP\\htdocs...')
#2 S:\XAMPP\htdocs\wad_tute16\system\View\View.php(213): CodeIgniter\View\View->CodeIgniter\View\{closure}()
#3 S:\XAMPP\htdocs\wad_tute16\system\Common.php(1089): CodeIgniter\View\View->render('upload_form', Array, true)
#4 S:\XAMPP\htdocs\wad_tute16\app\Controllers\Upload.php(13): view('upload_form', Array)
#5 S:\XAMPP\htdocs\wad_tute16\system\CodeIgniter.php(825): App\Controllers\Upload->index()
#6 S:\XAMPP\htdocs\wad_tute16\system\CodeIgniter.php(412): CodeIgniter\CodeIgniter->runController(Object(App\Controllers\Upload))
#7 S:\XAMPP\htdocs\wad_tute16\system\CodeIgniter.php(320): CodeIgniter\CodeIgniter->handleRequest(NULL, Object(Config\Cache), false)
#8 S:\XAMPP\htdocs\wad_tute16\public\index.php(37): CodeIgniter\CodeIgniter->run()
#9 S:\XAMPP\htdocs\wad_tute16\system\Commands\Server\rewrite.php(43): require_once('S:\\XAMPP\\htdocs...')
#10 {main}
CRITICAL - 2022-01-21 12:17:36 --> Undefined property: CodeIgniter\View\View::$db
#0 S:\XAMPP\htdocs\wad_tute16\app\Views\upload_form.php(18): CodeIgniter\Debug\Exceptions->errorHandler(2, 'Undefined prope...', 'S:\\XAMPP\\htdocs...', 18)
#1 S:\XAMPP\htdocs\wad_tute16\system\View\View.php(210): include('S:\\XAMPP\\htdocs...')
#2 S:\XAMPP\htdocs\wad_tute16\system\View\View.php(213): CodeIgniter\View\View->CodeIgniter\View\{closure}()
#3 S:\XAMPP\htdocs\wad_tute16\system\Common.php(1089): CodeIgniter\View\View->render('upload_form', Array, true)
#4 S:\XAMPP\htdocs\wad_tute16\app\Controllers\Upload.php(13): view('upload_form', Array)
#5 S:\XAMPP\htdocs\wad_tute16\system\CodeIgniter.php(825): App\Controllers\Upload->index()
#6 S:\XAMPP\htdocs\wad_tute16\system\CodeIgniter.php(412): CodeIgniter\CodeIgniter->runController(Object(App\Controllers\Upload))
#7 S:\XAMPP\htdocs\wad_tute16\system\CodeIgniter.php(320): CodeIgniter\CodeIgniter->handleRequest(NULL, Object(Config\Cache), false)
#8 S:\XAMPP\htdocs\wad_tute16\public\index.php(37): CodeIgniter\CodeIgniter->run()
#9 S:\XAMPP\htdocs\wad_tute16\system\Commands\Server\rewrite.php(43): require_once('S:\\XAMPP\\htdocs...')
#10 {main}
CRITICAL - 2022-01-21 12:17:37 --> Undefined property: CodeIgniter\View\View::$db
#0 S:\XAMPP\htdocs\wad_tute16\app\Views\upload_form.php(18): CodeIgniter\Debug\Exceptions->errorHandler(2, 'Undefined prope...', 'S:\\XAMPP\\htdocs...', 18)
#1 S:\XAMPP\htdocs\wad_tute16\system\View\View.php(210): include('S:\\XAMPP\\htdocs...')
#2 S:\XAMPP\htdocs\wad_tute16\system\View\View.php(213): CodeIgniter\View\View->CodeIgniter\View\{closure}()
#3 S:\XAMPP\htdocs\wad_tute16\system\Common.php(1089): CodeIgniter\View\View->render('upload_form', Array, true)
#4 S:\XAMPP\htdocs\wad_tute16\app\Controllers\Upload.php(13): view('upload_form', Array)
#5 S:\XAMPP\htdocs\wad_tute16\system\CodeIgniter.php(825): App\Controllers\Upload->index()
#6 S:\XAMPP\htdocs\wad_tute16\system\CodeIgniter.php(412): CodeIgniter\CodeIgniter->runController(Object(App\Controllers\Upload))
#7 S:\XAMPP\htdocs\wad_tute16\system\CodeIgniter.php(320): CodeIgniter\CodeIgniter->handleRequest(NULL, Object(Config\Cache), false)
#8 S:\XAMPP\htdocs\wad_tute16\public\index.php(37): CodeIgniter\CodeIgniter->run()
#9 S:\XAMPP\htdocs\wad_tute16\system\Commands\Server\rewrite.php(43): require_once('S:\\XAMPP\\htdocs...')
#10 {main}
CRITICAL - 2022-01-21 12:17:43 --> Undefined property: CodeIgniter\View\View::$db
#0 S:\XAMPP\htdocs\wad_tute16\app\Views\upload_form.php(18): CodeIgniter\Debug\Exceptions->errorHandler(2, 'Undefined prope...', 'S:\\XAMPP\\htdocs...', 18)
#1 S:\XAMPP\htdocs\wad_tute16\system\View\View.php(210): include('S:\\XAMPP\\htdocs...')
#2 S:\XAMPP\htdocs\wad_tute16\system\View\View.php(213): CodeIgniter\View\View->CodeIgniter\View\{closure}()
#3 S:\XAMPP\htdocs\wad_tute16\system\Common.php(1089): CodeIgniter\View\View->render('upload_form', Array, true)
#4 S:\XAMPP\htdocs\wad_tute16\app\Controllers\Upload.php(13): view('upload_form', Array)
#5 S:\XAMPP\htdocs\wad_tute16\system\CodeIgniter.php(825): App\Controllers\Upload->index()
#6 S:\XAMPP\htdocs\wad_tute16\system\CodeIgniter.php(412): CodeIgniter\CodeIgniter->runController(Object(App\Controllers\Upload))
#7 S:\XAMPP\htdocs\wad_tute16\system\CodeIgniter.php(320): CodeIgniter\CodeIgniter->handleRequest(NULL, Object(Config\Cache), false)
#8 S:\XAMPP\htdocs\wad_tute16\public\index.php(37): CodeIgniter\CodeIgniter->run()
#9 S:\XAMPP\htdocs\wad_tute16\system\Commands\Server\rewrite.php(43): require_once('S:\\XAMPP\\htdocs...')
#10 {main}
CRITICAL - 2022-01-21 12:18:47 --> Undefined property: CodeIgniter\View\View::$db
#0 S:\XAMPP\htdocs\wad_tute16\app\Views\upload_form.php(18): CodeIgniter\Debug\Exceptions->errorHandler(2, 'Undefined prope...', 'S:\\XAMPP\\htdocs...', 18)
#1 S:\XAMPP\htdocs\wad_tute16\system\View\View.php(210): include('S:\\XAMPP\\htdocs...')
#2 S:\XAMPP\htdocs\wad_tute16\system\View\View.php(213): CodeIgniter\View\View->CodeIgniter\View\{closure}()
#3 S:\XAMPP\htdocs\wad_tute16\system\Common.php(1089): CodeIgniter\View\View->render('upload_form', Array, true)
#4 S:\XAMPP\htdocs\wad_tute16\app\Controllers\Upload.php(13): view('upload_form', Array)
#5 S:\XAMPP\htdocs\wad_tute16\system\CodeIgniter.php(825): App\Controllers\Upload->index()
#6 S:\XAMPP\htdocs\wad_tute16\system\CodeIgniter.php(412): CodeIgniter\CodeIgniter->runController(Object(App\Controllers\Upload))
#7 S:\XAMPP\htdocs\wad_tute16\system\CodeIgniter.php(320): CodeIgniter\CodeIgniter->handleRequest(NULL, Object(Config\Cache), false)
#8 S:\XAMPP\htdocs\wad_tute16\public\index.php(37): CodeIgniter\CodeIgniter->run()
#9 S:\XAMPP\htdocs\wad_tute16\system\Commands\Server\rewrite.php(43): require_once('S:\\XAMPP\\htdocs...')
#10 {main}
CRITICAL - 2022-01-21 12:19:54 --> Undefined property: CodeIgniter\View\View::$db
#0 S:\XAMPP\htdocs\wad_tute16\app\Views\upload_form.php(18): CodeIgniter\Debug\Exceptions->errorHandler(2, 'Undefined prope...', 'S:\\XAMPP\\htdocs...', 18)
#1 S:\XAMPP\htdocs\wad_tute16\system\View\View.php(210): include('S:\\XAMPP\\htdocs...')
#2 S:\XAMPP\htdocs\wad_tute16\system\View\View.php(213): CodeIgniter\View\View->CodeIgniter\View\{closure}()
#3 S:\XAMPP\htdocs\wad_tute16\system\Common.php(1089): CodeIgniter\View\View->render('upload_form', Array, true)
#4 S:\XAMPP\htdocs\wad_tute16\app\Controllers\Upload.php(13): view('upload_form', Array)
#5 S:\XAMPP\htdocs\wad_tute16\system\CodeIgniter.php(825): App\Controllers\Upload->index()
#6 S:\XAMPP\htdocs\wad_tute16\system\CodeIgniter.php(412): CodeIgniter\CodeIgniter->runController(Object(App\Controllers\Upload))
#7 S:\XAMPP\htdocs\wad_tute16\system\CodeIgniter.php(320): CodeIgniter\CodeIgniter->handleRequest(NULL, Object(Config\Cache), false)
#8 S:\XAMPP\htdocs\wad_tute16\public\index.php(37): CodeIgniter\CodeIgniter->run()
#9 S:\XAMPP\htdocs\wad_tute16\system\Commands\Server\rewrite.php(43): require_once('S:\\XAMPP\\htdocs...')
#10 {main}
CRITICAL - 2022-01-21 12:20:24 --> Undefined property: CodeIgniter\View\View::$db
#0 S:\XAMPP\htdocs\wad_tute16\app\Views\upload_form.php(18): CodeIgniter\Debug\Exceptions->errorHandler(2, 'Undefined prope...', 'S:\\XAMPP\\htdocs...', 18)
#1 S:\XAMPP\htdocs\wad_tute16\system\View\View.php(210): include('S:\\XAMPP\\htdocs...')
#2 S:\XAMPP\htdocs\wad_tute16\system\View\View.php(213): CodeIgniter\View\View->CodeIgniter\View\{closure}()
#3 S:\XAMPP\htdocs\wad_tute16\system\Common.php(1089): CodeIgniter\View\View->render('upload_form', Array, true)
#4 S:\XAMPP\htdocs\wad_tute16\app\Controllers\Upload.php(13): view('upload_form', Array)
#5 S:\XAMPP\htdocs\wad_tute16\system\CodeIgniter.php(825): App\Controllers\Upload->index()
#6 S:\XAMPP\htdocs\wad_tute16\system\CodeIgniter.php(412): CodeIgniter\CodeIgniter->runController(Object(App\Controllers\Upload))
#7 S:\XAMPP\htdocs\wad_tute16\system\CodeIgniter.php(320): CodeIgniter\CodeIgniter->handleRequest(NULL, Object(Config\Cache), false)
#8 S:\XAMPP\htdocs\wad_tute16\public\index.php(37): CodeIgniter\CodeIgniter->run()
#9 S:\XAMPP\htdocs\wad_tute16\system\Commands\Server\rewrite.php(43): require_once('S:\\XAMPP\\htdocs...')
#10 {main}
CRITICAL - 2022-01-21 12:20:24 --> Undefined property: CodeIgniter\View\View::$db
#0 S:\XAMPP\htdocs\wad_tute16\app\Views\upload_form.php(18): CodeIgniter\Debug\Exceptions->errorHandler(2, 'Undefined prope...', 'S:\\XAMPP\\htdocs...', 18)
#1 S:\XAMPP\htdocs\wad_tute16\system\View\View.php(210): include('S:\\XAMPP\\htdocs...')
#2 S:\XAMPP\htdocs\wad_tute16\system\View\View.php(213): CodeIgniter\View\View->CodeIgniter\View\{closure}()
#3 S:\XAMPP\htdocs\wad_tute16\system\Common.php(1089): CodeIgniter\View\View->render('upload_form', Array, true)
#4 S:\XAMPP\htdocs\wad_tute16\app\Controllers\Upload.php(13): view('upload_form', Array)
#5 S:\XAMPP\htdocs\wad_tute16\system\CodeIgniter.php(825): App\Controllers\Upload->index()
#6 S:\XAMPP\htdocs\wad_tute16\system\CodeIgniter.php(412): CodeIgniter\CodeIgniter->runController(Object(App\Controllers\Upload))
#7 S:\XAMPP\htdocs\wad_tute16\system\CodeIgniter.php(320): CodeIgniter\CodeIgniter->handleRequest(NULL, Object(Config\Cache), false)
#8 S:\XAMPP\htdocs\wad_tute16\public\index.php(37): CodeIgniter\CodeIgniter->run()
#9 S:\XAMPP\htdocs\wad_tute16\system\Commands\Server\rewrite.php(43): require_once('S:\\XAMPP\\htdocs...')
#10 {main}
CRITICAL - 2022-01-21 12:21:53 --> Undefined property: CodeIgniter\View\View::$db
#0 S:\XAMPP\htdocs\wad_tute16\app\Views\upload_form.php(18): CodeIgniter\Debug\Exceptions->errorHandler(2, 'Undefined prope...', 'S:\\XAMPP\\htdocs...', 18)
#1 S:\XAMPP\htdocs\wad_tute16\system\View\View.php(210): include('S:\\XAMPP\\htdocs...')
#2 S:\XAMPP\htdocs\wad_tute16\system\View\View.php(213): CodeIgniter\View\View->CodeIgniter\View\{closure}()
#3 S:\XAMPP\htdocs\wad_tute16\system\Common.php(1089): CodeIgniter\View\View->render('upload_form', Array, true)
#4 S:\XAMPP\htdocs\wad_tute16\app\Controllers\Upload.php(13): view('upload_form', Array)
#5 S:\XAMPP\htdocs\wad_tute16\system\CodeIgniter.php(825): App\Controllers\Upload->index()
#6 S:\XAMPP\htdocs\wad_tute16\system\CodeIgniter.php(412): CodeIgniter\CodeIgniter->runController(Object(App\Controllers\Upload))
#7 S:\XAMPP\htdocs\wad_tute16\system\CodeIgniter.php(320): CodeIgniter\CodeIgniter->handleRequest(NULL, Object(Config\Cache), false)
#8 S:\XAMPP\htdocs\wad_tute16\public\index.php(37): CodeIgniter\CodeIgniter->run()
#9 S:\XAMPP\htdocs\wad_tute16\system\Commands\Server\rewrite.php(43): require_once('S:\\XAMPP\\htdocs...')
#10 {main}
CRITICAL - 2022-01-21 12:23:43 --> Undefined property: CodeIgniter\View\View::$db
#0 S:\XAMPP\htdocs\wad_tute16\app\Views\upload_form.php(18): CodeIgniter\Debug\Exceptions->errorHandler(2, 'Undefined prope...', 'S:\\XAMPP\\htdocs...', 18)
#1 S:\XAMPP\htdocs\wad_tute16\system\View\View.php(210): include('S:\\XAMPP\\htdocs...')
#2 S:\XAMPP\htdocs\wad_tute16\system\View\View.php(213): CodeIgniter\View\View->CodeIgniter\View\{closure}()
#3 S:\XAMPP\htdocs\wad_tute16\system\Common.php(1089): CodeIgniter\View\View->render('upload_form', Array, true)
#4 S:\XAMPP\htdocs\wad_tute16\app\Controllers\Upload.php(13): view('upload_form', Array)
#5 S:\XAMPP\htdocs\wad_tute16\system\CodeIgniter.php(825): App\Controllers\Upload->index()
#6 S:\XAMPP\htdocs\wad_tute16\system\CodeIgniter.php(412): CodeIgniter\CodeIgniter->runController(Object(App\Controllers\Upload))
#7 S:\XAMPP\htdocs\wad_tute16\system\CodeIgniter.php(320): CodeIgniter\CodeIgniter->handleRequest(NULL, Object(Config\Cache), false)
#8 S:\XAMPP\htdocs\wad_tute16\public\index.php(37): CodeIgniter\CodeIgniter->run()
#9 S:\XAMPP\htdocs\wad_tute16\system\Commands\Server\rewrite.php(43): require_once('S:\\XAMPP\\htdocs...')
#10 {main}
CRITICAL - 2022-01-21 12:23:44 --> Undefined property: CodeIgniter\View\View::$db
#0 S:\XAMPP\htdocs\wad_tute16\app\Views\upload_form.php(18): CodeIgniter\Debug\Exceptions->errorHandler(2, 'Undefined prope...', 'S:\\XAMPP\\htdocs...', 18)
#1 S:\XAMPP\htdocs\wad_tute16\system\View\View.php(210): include('S:\\XAMPP\\htdocs...')
#2 S:\XAMPP\htdocs\wad_tute16\system\View\View.php(213): CodeIgniter\View\View->CodeIgniter\View\{closure}()
#3 S:\XAMPP\htdocs\wad_tute16\system\Common.php(1089): CodeIgniter\View\View->render('upload_form', Array, true)
#4 S:\XAMPP\htdocs\wad_tute16\app\Controllers\Upload.php(13): view('upload_form', Array)
#5 S:\XAMPP\htdocs\wad_tute16\system\CodeIgniter.php(825): App\Controllers\Upload->index()
#6 S:\XAMPP\htdocs\wad_tute16\system\CodeIgniter.php(412): CodeIgniter\CodeIgniter->runController(Object(App\Controllers\Upload))
#7 S:\XAMPP\htdocs\wad_tute16\system\CodeIgniter.php(320): CodeIgniter\CodeIgniter->handleRequest(NULL, Object(Config\Cache), false)
#8 S:\XAMPP\htdocs\wad_tute16\public\index.php(37): CodeIgniter\CodeIgniter->run()
#9 S:\XAMPP\htdocs\wad_tute16\system\Commands\Server\rewrite.php(43): require_once('S:\\XAMPP\\htdocs...')
#10 {main}
CRITICAL - 2022-01-21 12:24:01 --> Undefined property: CodeIgniter\View\View::$db
#0 S:\XAMPP\htdocs\wad_tute16\app\Views\upload_form.php(18): CodeIgniter\Debug\Exceptions->errorHandler(2, 'Undefined prope...', 'S:\\XAMPP\\htdocs...', 18)
#1 S:\XAMPP\htdocs\wad_tute16\system\View\View.php(210): include('S:\\XAMPP\\htdocs...')
#2 S:\XAMPP\htdocs\wad_tute16\system\View\View.php(213): CodeIgniter\View\View->CodeIgniter\View\{closure}()
#3 S:\XAMPP\htdocs\wad_tute16\system\Common.php(1089): CodeIgniter\View\View->render('upload_form', Array, true)
#4 S:\XAMPP\htdocs\wad_tute16\app\Controllers\Upload.php(13): view('upload_form', Array)
#5 S:\XAMPP\htdocs\wad_tute16\system\CodeIgniter.php(825): App\Controllers\Upload->index()
#6 S:\XAMPP\htdocs\wad_tute16\system\CodeIgniter.php(412): CodeIgniter\CodeIgniter->runController(Object(App\Controllers\Upload))
#7 S:\XAMPP\htdocs\wad_tute16\system\CodeIgniter.php(320): CodeIgniter\CodeIgniter->handleRequest(NULL, Object(Config\Cache), false)
#8 S:\XAMPP\htdocs\wad_tute16\public\index.php(37): CodeIgniter\CodeIgniter->run()
#9 S:\XAMPP\htdocs\wad_tute16\system\Commands\Server\rewrite.php(43): require_once('S:\\XAMPP\\htdocs...')
#10 {main}
CRITICAL - 2022-01-21 12:24:01 --> Undefined property: CodeIgniter\View\View::$db
#0 S:\XAMPP\htdocs\wad_tute16\app\Views\upload_form.php(18): CodeIgniter\Debug\Exceptions->errorHandler(2, 'Undefined prope...', 'S:\\XAMPP\\htdocs...', 18)
#1 S:\XAMPP\htdocs\wad_tute16\system\View\View.php(210): include('S:\\XAMPP\\htdocs...')
#2 S:\XAMPP\htdocs\wad_tute16\system\View\View.php(213): CodeIgniter\View\View->CodeIgniter\View\{closure}()
#3 S:\XAMPP\htdocs\wad_tute16\system\Common.php(1089): CodeIgniter\View\View->render('upload_form', Array, true)
#4 S:\XAMPP\htdocs\wad_tute16\app\Controllers\Upload.php(13): view('upload_form', Array)
#5 S:\XAMPP\htdocs\wad_tute16\system\CodeIgniter.php(825): App\Controllers\Upload->index()
#6 S:\XAMPP\htdocs\wad_tute16\system\CodeIgniter.php(412): CodeIgniter\CodeIgniter->runController(Object(App\Controllers\Upload))
#7 S:\XAMPP\htdocs\wad_tute16\system\CodeIgniter.php(320): CodeIgniter\CodeIgniter->handleRequest(NULL, Object(Config\Cache), false)
#8 S:\XAMPP\htdocs\wad_tute16\public\index.php(37): CodeIgniter\CodeIgniter->run()
#9 S:\XAMPP\htdocs\wad_tute16\system\Commands\Server\rewrite.php(43): require_once('S:\\XAMPP\\htdocs...')
#10 {main}
CRITICAL - 2022-01-21 12:24:02 --> Undefined property: CodeIgniter\View\View::$db
#0 S:\XAMPP\htdocs\wad_tute16\app\Views\upload_form.php(18): CodeIgniter\Debug\Exceptions->errorHandler(2, 'Undefined prope...', 'S:\\XAMPP\\htdocs...', 18)
#1 S:\XAMPP\htdocs\wad_tute16\system\View\View.php(210): include('S:\\XAMPP\\htdocs...')
#2 S:\XAMPP\htdocs\wad_tute16\system\View\View.php(213): CodeIgniter\View\View->CodeIgniter\View\{closure}()
#3 S:\XAMPP\htdocs\wad_tute16\system\Common.php(1089): CodeIgniter\View\View->render('upload_form', Array, true)
#4 S:\XAMPP\htdocs\wad_tute16\app\Controllers\Upload.php(13): view('upload_form', Array)
#5 S:\XAMPP\htdocs\wad_tute16\system\CodeIgniter.php(825): App\Controllers\Upload->index()
#6 S:\XAMPP\htdocs\wad_tute16\system\CodeIgniter.php(412): CodeIgniter\CodeIgniter->runController(Object(App\Controllers\Upload))
#7 S:\XAMPP\htdocs\wad_tute16\system\CodeIgniter.php(320): CodeIgniter\CodeIgniter->handleRequest(NULL, Object(Config\Cache), false)
#8 S:\XAMPP\htdocs\wad_tute16\public\index.php(37): CodeIgniter\CodeIgniter->run()
#9 S:\XAMPP\htdocs\wad_tute16\system\Commands\Server\rewrite.php(43): require_once('S:\\XAMPP\\htdocs...')
#10 {main}
